--------------------------------------------------
Time: 2026-03-11 22:50

SYSTEM
CPU: 3.3%
RAM: 4.0Gi / 11Gi
Battery: 100%
Power: AC
Uptime: up 1 week, 1 day, 2 hours, 12 minutes
CPU Temp: +56.0°C

NETWORK
Interface:      wlo1,              type: EN10MB, MAC: dc:8b:28:16:96:1c, IPv4: 192.168.1.251
192.168.1.1     0c:01:4b:18:9f:12  (Unknown)
192.168.1.5     fc:57:03:79:5e:3e  Hisense broadband multimedia technology Co.,Ltd
192.168.1.6     5a:48:0a:d3:d8:b5  (Unknown: locally administered)
192.168.1.3     00:2a:2a:7e:49:d8  (Unknown)
192.168.1.2     00:2a:2a:56:e4:84  (Unknown)

ENVIRONMENT
Temperature: 28C
Humidity: 66%
Condition: Clear

INTERNET
Ping 8.8.8.8: 42.8 ms

--------------------------------------------------
Time: 2026-03-11 23:46

SYSTEM
CPU: 3.3%
CPU Temp: +66.0°C
RAM: 4.7Gi / 11Gi
Battery: 100%
Power: AC
Uptime: up 1 week, 1 day, 3 hours, 8 minutes

NETWORK
Interface:      wlo1,              type: EN10MB, MAC: dc:8b:28:16:96:1c, IPv4: 192.168.1.251
192.168.1.1     0c:01:4b:18:9f:12  (Unknown)
192.168.1.5     fc:57:03:79:5e:3e  Hisense broadband multimedia technology Co.,Ltd
192.168.1.3     00:2a:2a:7e:49:d8  (Unknown)
192.168.1.4     a6:d3:d1:ee:28:02  (Unknown: locally administered)
192.168.1.2     00:2a:2a:56:e4:84  (Unknown)
192.168.1.26    36:0e:fb:58:c2:2b  (Unknown: locally administered)
192.168.1.39    2e:c6:82:21:e7:0f  (Unknown: locally administered)

ENVIRONMENT
Temperature: 27C
Feels like: 29C
Humidity: 70%
Condition: Clear

INTERNET
Ping 8.8.8.8: 42.4 ms

--------------------------------------------------
Time: 2026-03-12 00:00

SYSTEM
CPU: 8%
CPU Temp: +62.0°C
RAM: 4.6Gi / 11Gi
Battery: 100%
Power: AC
Uptime: up 1 week, 1 day, 3 hours, 21 minutes

NETWORK
Interface:      wlo1,              type: EN10MB, MAC: dc:8b:28:16:96:1c, IPv4: 192.168.1.251
192.168.1.1     0c:01:4b:18:9f:12  (Unknown)
192.168.1.5     fc:57:03:79:5e:3e  Hisense broadband multimedia technology Co.,Ltd
192.168.1.4     a6:d3:d1:ee:28:02  (Unknown: locally administered)
192.168.1.39    2e:c6:82:21:e7:0f  (Unknown: locally administered)
192.168.1.26    36:0e:fb:58:c2:2b  (Unknown: locally administered)
192.168.1.3     00:2a:2a:7e:49:d8  (Unknown)
192.168.1.2     00:2a:2a:56:e4:84  (Unknown)
192.168.1.8     d2:a9:7b:50:83:c3  (Unknown: locally administered)

ENVIRONMENT
Temperature: 27C
Feels like: 29C
Humidity: 70%
Condition: Clear

INTERNET
Ping 8.8.8.8: 43.0 ms

--------------------------------------------------
Time: 2026-03-12 00:00

SYSTEM
CPU: 14.9%
CPU Temp: +59.0°C
RAM: 4.8Gi / 11Gi
Battery: 100%
Power: AC
Uptime: up 1 week, 1 day, 3 hours, 22 minutes

NETWORK
Interface:      wlo1,              type: EN10MB, MAC: dc:8b:28:16:96:1c, IPv4: 192.168.1.251
192.168.1.1     0c:01:4b:18:9f:12  (Unknown)
192.168.1.5     fc:57:03:79:5e:3e  Hisense broadband multimedia technology Co.,Ltd
192.168.1.3     00:2a:2a:7e:49:d8  (Unknown)
192.168.1.2     00:2a:2a:56:e4:84  (Unknown)
192.168.1.8     d2:a9:7b:50:83:c3  (Unknown: locally administered)
192.168.1.4     a6:d3:d1:ee:28:02  (Unknown: locally administered)
192.168.1.39    2e:c6:82:21:e7:0f  (Unknown: locally administered)

ENVIRONMENT
Temperature: 27C
Feels like: 29C
Humidity: 70%
Condition: Clear

INTERNET
Ping 8.8.8.8: 42.3 ms

--------------------------------------------------
Time: 2026-03-12 01:00

SYSTEM
CPU: 19.8%
CPU Temp: +62.0°C
RAM: 4.5Gi / 11Gi
Battery: 100%
Power: AC
Uptime: up 1 week, 1 day, 4 hours, 21 minutes

NETWORK
Interface:      wlo1,              type: EN10MB, MAC: dc:8b:28:16:96:1c, IPv4: 192.168.1.251
192.168.1.1     0c:01:4b:18:9f:12  (Unknown)
192.168.1.5     fc:57:03:79:5e:3e  Hisense broadband multimedia technology Co.,Ltd
192.168.1.3     00:2a:2a:7e:49:d8  (Unknown)
192.168.1.2     00:2a:2a:56:e4:84  (Unknown)
192.168.1.4     a6:d3:d1:ee:28:02  (Unknown: locally administered)
192.168.1.8     d2:a9:7b:50:83:c3  (Unknown: locally administered)

ENVIRONMENT
Temperature: 27C
Feels like: 30C
Humidity: 70%
Condition: Partly cloudy

INTERNET
Ping Google DNS (8.8.8.8): 42.2 ms
Ping Cloudflare DNS (1.1.1.1): 43.2 ms

--------------------------------------------------
Time: 2026-03-12 01:12

SYSTEM
CPU: 4.4%
CPU Temp: +66.0°C
RAM: 4.5Gi / 11Gi
Battery: 100%
Power: AC
Uptime: up 1 week, 1 day, 4 hours, 34 minutes

NETWORK

Connected devices:

Events this hour:

Average latency:


ENVIRONMENT
Temperature: 27C
Feels like: 30C
Humidity: 70%
Condition: Partly cloudy

--------------------------------------------------
Time: 2026-03-12 01:13

SYSTEM
CPU: 2.2%
CPU Temp: +63.0°C
RAM: 4.5Gi / 11Gi
Battery: 100%
Power: AC
Uptime: up 1 week, 1 day, 4 hours, 35 minutes

NETWORK

Connected devices:

Events this hour:

Average latency:


ENVIRONMENT
Temperature: 27C
Feels like: 30C
Humidity: 70%
Condition: Partly cloudy

--------------------------------------------------
Time: 2026-03-12 01:14

SYSTEM
CPU: 3.3%
CPU Temp: +54.0°C
RAM: 4.4Gi / 11Gi
Battery: 100%
Power: AC
Uptime: up 1 week, 1 day, 4 hours, 35 minutes

NETWORK

Connected devices:

Events this hour:

Average latency:


ENVIRONMENT
Temperature: 27C
Feels like: 30C
Humidity: 70%
Condition: Partly cloudy

--------------------------------------------------
Time: 2026-03-12 01:16

SYSTEM
CPU: 17.3%
CPU Temp: +60.0°C
RAM: 4.5Gi / 11Gi
Battery: 100%
Power: AC
Uptime: up 1 week, 1 day, 4 hours, 38 minutes

NETWORK

Connected devices:

Events this hour:

Average latency:


ENVIRONMENT
Temperature: 27C
Feels like: 30C
Humidity: 70%
Condition: Partly cloudy

--------------------------------------------------
Time: 2026-03-12 01:19

SYSTEM
CPU: 2.4%
CPU Temp: +60.0°C
RAM: 4.3Gi / 11Gi
Battery: 100%
Power: AC
Uptime: up 1 week, 1 day, 4 hours, 41 minutes

NETWORK

Connected devices:
192.168.1.1 0c:01:4b:18:9f:12 (Unknown)  
192.168.1.5 fc:57:03:79:5e:3e Hisense broadband multimedia
192.168.1.2 00:2a:2a:56:e4:84 (Unknown)  
192.168.1.3 00:2a:2a:7e:49:d8 (Unknown)  
192.168.1.4 a6:d3:d1:ee:28:02 (Unknown: locally administered)
192.168.1.6 5a:48:0a:d3:d8:b5 (Unknown: locally administered)
192.168.1.8 d2:a9:7b:50:83:c3 (Unknown: locally administered)
7 packets received by filter,

Events this hour:

Average latency:


ENVIRONMENT
Temperature: 27C
Feels like: 30C
Humidity: 70%
Condition: Partly cloudy

--------------------------------------------------
Time: 2026-03-12 01:23

SYSTEM
CPU: 15.5%
CPU Temp: +57.0°C
RAM: 4.4Gi / 11Gi
Battery: 100%
Power: AC
Uptime: up 1 week, 1 day, 4 hours, 45 minutes

NETWORK

Connected devices:
192.168.1.1 0c:01:4b:18:9f:12 (Unknown)  
192.168.1.5 fc:57:03:79:5e:3e Hisense broadband multimedia
192.168.1.3 00:2a:2a:7e:49:d8 (Unknown)  
192.168.1.2 00:2a:2a:56:e4:84 (Unknown)  
192.168.1.4 a6:d3:d1:ee:28:02 (Unknown: locally administered)
192.168.1.26 36:0e:fb:58:c2:2b (Unknown: locally administered)

Events this hour:

Average latency:


ENVIRONMENT
Temperature: 27C
Feels like: 30C
Humidity: 70%
Condition: Partly cloudy

--------------------------------------------------
Time: 2026-03-12 01:24

SYSTEM
CPU: 9.7%
CPU Temp: +62.0°C
RAM: 4.4Gi / 11Gi
Battery: 100%
Power: AC
Uptime: up 1 week, 1 day, 4 hours, 46 minutes

NETWORK

Connected devices:
192.168.1.1 0c:01:4b:18:9f:12 (Unknown)  
192.168.1.5 fc:57:03:79:5e:3e Hisense broadband multimedia
192.168.1.6 5a:48:0a:d3:d8:b5 (Unknown: locally administered)
192.168.1.3 00:2a:2a:7e:49:d8 (Unknown)  
192.168.1.2 00:2a:2a:56:e4:84 (Unknown)  
192.168.1.4 a6:d3:d1:ee:28:02 (Unknown: locally administered)

Events this hour:

Average latency:


ENVIRONMENT
Temperature: 27C
Feels like: 30C
Humidity: 70%
Condition: Partly cloudy

--------------------------------------------------
Time: 2026-03-12 01:27

SYSTEM
CPU: 11.4%
CPU Temp: +73.0°C
RAM: 4.4Gi / 11Gi
Battery: 100%
Power: AC
Uptime: up 1 week, 1 day, 4 hours, 49 minutes

NETWORK

Connected devices:
192.168.1.1 0c:01:4b:18:9f:12 (Unknown)  
192.168.1.5 fc:57:03:79:5e:3e Hisense broadband multimedia
192.168.1.3 00:2a:2a:7e:49:d8 (Unknown)  
192.168.1.2 00:2a:2a:56:e4:84 (Unknown)  
192.168.1.4 a6:d3:d1:ee:28:02 (Unknown: locally administered)

Events this hour:

Average latency:


ENVIRONMENT
Temperature: 27C
Feels like: 30C
Humidity: 70%
Condition: Partly cloudy

--------------------------------------------------
Time: 2026-03-12 01:33

SYSTEM
CPU: 3.4%
CPU Temp: +57.0°C
RAM: 4.7Gi / 11Gi
Battery: 100%
Power: AC
Uptime: up 1 week, 1 day, 4 hours, 55 minutes

NETWORK

Connected devices:
192.168.1.1 0c:01:4b:18:9f:12 (Unknown)  
192.168.1.5 fc:57:03:79:5e:3e Hisense broadband multimedia
192.168.1.6 5a:48:0a:d3:d8:b5 (Unknown: locally administered)
192.168.1.3 00:2a:2a:7e:49:d8 (Unknown)  
192.168.1.2 00:2a:2a:56:e4:84 (Unknown)  
192.168.1.4 a6:d3:d1:ee:28:02 (Unknown: locally administered)

Events this hour:

Average latency:
8.8.8.8 44.075 ms
1.1.1.1 43.375 ms


ENVIRONMENT
Temperature: 27C
Feels like: 30C
Humidity: 70%
Condition: Partly cloudy

